\BOOKMARK [0][-]{section*.2}{\376\377\000\315\000n\000d\000i\000c\000e\000\040\000d\000e\000\040\000c\000u\000a\000d\000r\000o\000s}{}% 1
\BOOKMARK [0][-]{section*.4}{\376\377\000\315\000n\000d\000i\000c\000e\000\040\000d\000e\000\040\000f\000i\000g\000u\000r\000a\000s}{}% 2
\BOOKMARK [0][-]{chapter.1}{\376\377\000L\000\363\000g\000i\000c\000a\000\040\000m\000a\000t\000e\000m\000\341\000t\000i\000c\000a}{}% 3
\BOOKMARK [1][-]{section.1.1}{\376\377\000C\000o\000n\000e\000c\000t\000i\000v\000o\000s\000\040\000l\000\363\000g\000i\000c\000o\000s}{chapter.1}% 4
\BOOKMARK [2][-]{subsection.1.1.1}{\376\377\000N\000e\000g\000a\000c\000i\000\363\000n}{section.1.1}% 5
\BOOKMARK [2][-]{subsection.1.1.2}{\376\377\000C\000o\000n\000j\000u\000n\000c\000i\000\363\000n}{section.1.1}% 6
\BOOKMARK [2][-]{subsection.1.1.3}{\376\377\000D\000i\000s\000y\000u\000n\000c\000i\000\363\000n\000\040\000i\000n\000c\000l\000u\000s\000i\000v\000a}{section.1.1}% 7
\BOOKMARK [2][-]{subsection.1.1.4}{\376\377\000D\000i\000s\000y\000u\000n\000c\000i\000\363\000n\000\040\000e\000x\000c\000l\000u\000s\000i\000v\000a}{section.1.1}% 8
\BOOKMARK [2][-]{subsection.1.1.5}{\376\377\000C\000o\000n\000d\000i\000c\000i\000o\000n\000a\000l}{section.1.1}% 9
\BOOKMARK [2][-]{subsection.1.1.6}{\376\377\000B\000i\000c\000o\000n\000d\000i\000c\000i\000o\000n\000a\000l}{section.1.1}% 10
\BOOKMARK [2][-]{subsection.1.1.7}{\376\377\000R\000e\000s\000u\000l\000t\000a\000d\000o\000s\000\040\000d\000e\000\040\000l\000a\000\040\000t\000a\000b\000l\000a\000\040\000d\000e\000\040\000v\000e\000r\000d\000a\000d}{section.1.1}% 11
\BOOKMARK [2][-]{subsection.1.1.8}{\376\377\000P\000r\000o\000p\000i\000e\000d\000a\000d\000e\000s\000\040\000d\000e\000\040\000l\000a\000s\000\040\000p\000r\000o\000p\000o\000s\000i\000c\000i\000o\000n\000e\000s}{section.1.1}% 12
\BOOKMARK [0][-]{chapter.2}{\376\377\000T\000e\000o\000r\000\355\000a\000\040\000d\000e\000\040\000c\000o\000n\000j\000u\000n\000t\000o\000s}{}% 13
\BOOKMARK [1][-]{section.2.1}{\376\377\000C\000u\000a\000n\000t\000i\000f\000i\000c\000a\000d\000o\000r\000e\000s\000\040\000l\000\363\000g\000i\000c\000o\000s}{chapter.2}% 14
\BOOKMARK [1][-]{section.2.2}{\376\377\000C\000o\000n\000j\000u\000n\000t\000o\000s\000\040\000y\000\040\000e\000l\000e\000m\000e\000n\000t\000o\000s}{chapter.2}% 15
\BOOKMARK [1][-]{section.2.3}{\376\377\000O\000p\000e\000r\000a\000c\000i\000o\000n\000e\000s\000\040\000c\000o\000n\000\040\000c\000o\000n\000j\000u\000n\000t\000o\000s}{chapter.2}% 16
\BOOKMARK [2][-]{subsection.2.3.1}{\376\377\000D\000i\000f\000e\000r\000e\000n\000c\000i\000a\000\040\000d\000e\000\040\000c\000o\000n\000j\000u\000n\000t\000o\000s}{section.2.3}% 17
\BOOKMARK [2][-]{subsection.2.3.2}{\376\377\000C\000o\000m\000p\000l\000e\000m\000e\000n\000t\000o\000\040\000d\000e\000\040\000u\000n\000\040\000c\000o\000n\000j\000u\000n\000t\000o}{section.2.3}% 18
\BOOKMARK [2][-]{subsection.2.3.3}{\376\377\000I\000n\000t\000e\000r\000s\000e\000c\000c\000i\000\363\000n\000\040\000d\000e\000\040\000c\000o\000n\000j\000u\000n\000t\000o\000s\000\040}{section.2.3}% 19
\BOOKMARK [2][-]{subsection.2.3.4}{\376\377\000U\000n\000i\000\363\000n\000\040\000d\000e\000\040\000c\000o\000n\000j\000u\000n\000t\000o\000s}{section.2.3}% 20
\BOOKMARK [2][-]{subsection.2.3.5}{\376\377\000D\000i\000f\000e\000r\000e\000n\000c\000i\000a\000\040\000s\000i\000m\000\351\000t\000r\000i\000c\000a\000\040\000d\000e\000\040\000c\000o\000n\000j\000u\000n\000t\000o\000s}{section.2.3}% 21
\BOOKMARK [1][-]{section.2.4}{\376\377\000P\000r\000o\000p\000i\000e\000d\000a\000d\000e\000s\000\040\000d\000e\000\040\000l\000o\000s\000\040\000c\000o\000n\000j\000u\000n\000t\000o\000s}{chapter.2}% 22
\BOOKMARK [2][-]{subsection.2.4.1}{\376\377\000I\000d\000e\000m\000p\000o\000t\000e\000n\000c\000i\000a}{section.2.4}% 23
\BOOKMARK [2][-]{subsection.2.4.2}{\376\377\000C\000o\000n\000m\000u\000t\000a\000t\000i\000v\000i\000d\000a\000d}{section.2.4}% 24
\BOOKMARK [2][-]{subsection.2.4.3}{\376\377\000A\000s\000o\000c\000i\000a\000t\000i\000v\000i\000d\000a\000d}{section.2.4}% 25
\BOOKMARK [2][-]{subsection.2.4.4}{\376\377\000D\000i\000s\000t\000r\000i\000b\000u\000t\000i\000v\000i\000d\000a\000d}{section.2.4}% 26
\BOOKMARK [2][-]{subsection.2.4.5}{\376\377\000L\000e\000y\000e\000s\000\040\000d\000e\000\040\000M\000o\000r\000g\000a\000n}{section.2.4}% 27
\BOOKMARK [1][-]{section.2.5}{\376\377\000T\000\351\000c\000n\000i\000c\000a\000s\000\040\000d\000e\000\040\000c\000o\000n\000t\000e\000o}{chapter.2}% 28
\BOOKMARK [2][-]{subsection.2.5.1}{\376\377\000C\000o\000n\000t\000e\000o\000\040\000e\000n\000\040\000c\000o\000n\000j\000u\000n\000t\000o\000s\000\040\000d\000i\000s\000j\000u\000n\000t\000o\000s}{section.2.5}% 29
\BOOKMARK [2][-]{subsection.2.5.2}{\376\377\000C\000o\000n\000t\000e\000o\000\040\000e\000n\000\040\000c\000o\000n\000j\000u\000n\000t\000o\000s\000\040\000n\000o\000\040\000d\000i\000s\000j\000u\000n\000t\000o\000s}{section.2.5}% 30
\BOOKMARK [2][-]{subsection.2.5.3}{\376\377\000C\000o\000n\000t\000e\000o\000\040\000p\000a\000r\000a\000\040\000l\000a\000\040\000u\000n\000i\000\363\000n\000\040\000d\000e\000\040\000t\000r\000e\000s\000\040\000c\000o\000n\000j\000u\000n\000t\000o\000s}{section.2.5}% 31
\BOOKMARK [0][-]{chapter.3}{\376\377\000N\000\372\000m\000e\000r\000o\000s\000\040\000r\000e\000a\000l\000e\000s}{}% 32
\BOOKMARK [1][-]{section.3.1}{\376\377\000P\000r\000o\000p\000i\000e\000d\000a\000d\000e\000s\000\040\000d\000e\000\040\000l\000o\000s\000\040\000n\000\372\000m\000e\000r\000o\000s\000\040\000r\000e\000a\000l\000e\000s}{chapter.3}% 33
\BOOKMARK [2][-]{subsection.3.1.1}{\376\377\000A\000d\000i\000c\000i\000\363\000n\000\040\000e\000n\000\040\000l\000o\000s\000\040\000n\000\372\000m\000e\000r\000o\000s\000\040\000r\000e\000a\000l\000e\000s}{section.3.1}% 34
\BOOKMARK [2][-]{subsection.3.1.2}{\376\377\000M\000u\000l\000t\000i\000p\000l\000i\000c\000a\000c\000i\000\363\000n\000\040\000e\000n\000\040\000l\000o\000s\000\040\000n\000\372\000m\000e\000r\000o\000s\000\040\000r\000e\000a\000l\000e\000s}{section.3.1}% 35
\BOOKMARK [2][-]{subsection.3.1.3}{\376\377\000C\000o\000n\000s\000e\000c\000u\000e\000n\000c\000i\000a\000s\000\040\000d\000e\000\040\000l\000a\000\040\000a\000d\000i\000c\000i\000\363\000n\000\040\000y\000\040\000s\000u\000s\000t\000r\000a\000c\000c\000i\000\363\000n}{section.3.1}% 36
\BOOKMARK [1][-]{section.3.2}{\376\377\000P\000o\000r\000c\000e\000n\000t\000a\000j\000e\000s}{chapter.3}% 37
\BOOKMARK [1][-]{section.3.3}{\376\377\000D\000e\000s\000i\000g\000u\000a\000l\000d\000a\000d\000e\000s}{chapter.3}% 38
\BOOKMARK [2][-]{subsection.3.3.1}{\376\377\000P\000r\000o\000p\000i\000e\000d\000a\000d\000e\000s\000\040\000d\000e\000\040\000l\000a\000s\000\040\000d\000e\000s\000i\000g\000u\000a\000l\000d\000a\000d\000e\000s}{section.3.3}% 39
\BOOKMARK [2][-]{subsection.3.3.2}{\376\377\000I\000n\000t\000e\000r\000v\000a\000l\000o\000s\000\040\000c\000o\000n\000\040\000d\000e\000s\000i\000g\000u\000a\000l\000d\000a\000d\000e\000s}{section.3.3}% 40
\BOOKMARK [1][-]{section.3.4}{\376\377\000V\000a\000l\000o\000r\000\040\000a\000b\000s\000o\000l\000u\000t\000o}{chapter.3}% 41
\BOOKMARK [2][-]{subsection.3.4.1}{\376\377\000P\000r\000o\000p\000i\000e\000d\000a\000d\000e\000s\000\040\000d\000e\000l\000\040\000v\000a\000l\000o\000r\000\040\000a\000b\000s\000o\000l\000u\000t\000o}{section.3.4}% 42
\BOOKMARK [1][-]{section.3.5}{\376\377\000E\000x\000p\000o\000n\000e\000n\000t\000e\000s}{chapter.3}% 43
\BOOKMARK [2][-]{subsection.3.5.1}{\376\377\000R\000a\000d\000i\000c\000a\000l\000e\000s}{section.3.5}% 44
\BOOKMARK [2][-]{subsection.3.5.2}{\376\377\000R\000a\000c\000i\000o\000n\000a\000l\000i\000z\000a\000c\000i\000\363\000n}{section.3.5}% 45
\BOOKMARK [1][-]{section.3.6}{\376\377\000F\000a\000c\000t\000o\000r\000i\000z\000a\000c\000i\000\363\000n\000\040\000d\000e\000\040\000p\000o\000l\000i\000n\000o\000m\000i\000o\000s}{chapter.3}% 46
\BOOKMARK [2][-]{subsection.3.6.1}{\376\377\000F\000a\000c\000t\000o\000r\000i\000z\000a\000c\000i\000\363\000n\000\040\000d\000e\000\040\000p\000o\000l\000i\000n\000o\000m\000i\000o\000s\000\040\000c\000u\000a\000d\000r\000\341\000t\000i\000c\000o\000s}{section.3.6}% 47
\BOOKMARK [2][-]{subsection.3.6.2}{\376\377\000f\000\363\000r\000m\000u\000l\000a\000s\000\040\000d\000e\000\040\000f\000a\000c\000t\000o\000r\000i\000z\000a\000c\000i\000\363\000n}{section.3.6}% 48
\BOOKMARK [1][-]{section.3.7}{\376\377\000E\000x\000p\000r\000e\000s\000i\000o\000n\000e\000s\000\040\000r\000a\000c\000i\000o\000n\000a\000l\000e\000s}{chapter.3}% 49
\BOOKMARK [2][-]{subsection.3.7.1}{\376\377\000M\000\355\000n\000i\000m\000o\000\040\000c\000o\000m\000\372\000n\000\040\000d\000e\000n\000o\000m\000i\000n\000a\000d\000o\000r\000\040\000\050\000M\000C\000D\000\051}{section.3.7}% 50
\BOOKMARK [0][-]{chapter.4}{\376\377\000E\000c\000u\000a\000c\000i\000o\000n\000e\000s\000\040\000y\000\040\000d\000e\000s\000i\000g\000u\000a\000l\000d\000a\000d\000e\000s}{}% 51
\BOOKMARK [1][-]{section.4.1}{\376\377\000E\000c\000u\000a\000c\000i\000o\000n\000e\000s}{chapter.4}% 52
\BOOKMARK [2][-]{subsection.4.1.1}{\376\377\000E\000c\000u\000a\000c\000i\000o\000n\000e\000s\000\040\000c\000o\000n\000\040\000m\000a\000s\000\040\000v\000a\000r\000i\000a\000b\000l\000e\000s}{section.4.1}% 53
\BOOKMARK [2][-]{subsection.4.1.2}{\376\377\000P\000r\000o\000b\000l\000e\000m\000a\000s\000\040\000c\000o\000n\000\040\000e\000n\000u\000n\000c\000i\000a\000d\000o}{section.4.1}% 54
\BOOKMARK [1][-]{section.4.2}{\376\377\000D\000e\000s\000i\000g\000u\000a\000l\000d\000a\000d\000e\000s}{chapter.4}% 55
\BOOKMARK [2][-]{subsection.4.2.1}{\376\377\000D\000e\000s\000i\000g\000u\000a\000l\000d\000a\000d\000e\000s\000\040\000s\000i\000m\000u\000l\000t\000a\000n\000e\000a\000s}{section.4.2}% 56
\BOOKMARK [1][-]{section.4.3}{\376\377\000E\000c\000u\000a\000c\000i\000o\000n\000e\000s\000\040\000y\000\040\000d\000e\000s\000i\000g\000u\000a\000l\000d\000a\000d\000e\000s\000\040\000c\000o\000n\000\040\000v\000a\000l\000o\000r\000\040\000a\000b\000s\000o\000l\000u\000t\000o}{chapter.4}% 57
\BOOKMARK [2][-]{subsection.4.3.1}{\376\377\000E\000c\000u\000a\000c\000i\000o\000n\000e\000s}{section.4.3}% 58
\BOOKMARK [2][-]{subsection.4.3.2}{\376\377\000D\000e\000s\000i\000g\000u\000a\000l\000d\000a\000d\000e\000s}{section.4.3}% 59
\BOOKMARK [1][-]{section.4.4}{\376\377\000D\000e\000s\000i\000g\000u\000a\000l\000d\000a\000d\000e\000s\000\040\000r\000a\000c\000i\000o\000n\000a\000l\000e\000s\000\040\000y\000\040\000p\000o\000l\000i\000n\000o\000m\000i\000a\000l\000e\000s}{chapter.4}% 60
\BOOKMARK [2][-]{subsection.4.4.1}{\376\377\000D\000e\000s\000i\000g\000u\000a\000l\000d\000a\000d\000e\000s\000\040\000p\000o\000l\000i\000n\000o\000m\000i\000a\000l\000e\000s}{section.4.4}% 61
\BOOKMARK [2][-]{subsection.4.4.2}{\376\377\000D\000e\000s\000i\000g\000u\000a\000l\000d\000a\000d\000e\000s\000\040\000p\000o\000l\000i\000n\000o\000m\000i\000a\000l\000e\000s\000\040\000c\000o\000n\000\040\000v\000a\000l\000o\000r\000\040\000a\000b\000s\000o\000l\000u\000t\000o}{section.4.4}% 62
\BOOKMARK [0][-]{chapter.5}{\376\377\000F\000u\000n\000c\000i\000o\000n\000e\000s\000\040\000m\000a\000t\000e\000m\000\341\000t\000i\000c\000a\000s}{}% 63
\BOOKMARK [1][-]{section.5.1}{\376\377\000D\000o\000m\000i\000n\000i\000o\000\040\000e\000\040\000i\000m\000a\000g\000e\000n\000\040\000d\000e\000\040\000u\000n\000a\000\040\000f\000u\000n\000c\000i\000\363\000n}{chapter.5}% 64
\BOOKMARK [1][-]{section.5.2}{\376\377\000G\000r\000\341\000f\000i\000c\000a\000s\000\040\000d\000e\000\040\000u\000n\000a\000\040\000f\000u\000n\000c\000i\000\363\000n}{chapter.5}% 65
\BOOKMARK [2][-]{subsection.5.2.1}{\376\377\000I\000n\000t\000e\000r\000s\000e\000c\000c\000i\000o\000n\000e\000s\000\040\000c\000o\000n\000\040\000l\000o\000s\000\040\000e\000j\000e\000s}{section.5.2}% 66
\BOOKMARK [2][-]{subsection.5.2.2}{\376\377\000S\000i\000m\000e\000t\000r\000\355\000a\000s\000\040\000y\000\040\000t\000r\000a\000n\000s\000f\000o\000r\000m\000a\000c\000i\000o\000n\000e\000s\000\040}{section.5.2}% 67
\BOOKMARK [2][-]{subsection.5.2.3}{\376\377\000T\000r\000a\000n\000s\000f\000o\000r\000m\000a\000c\000i\000o\000n\000e\000s\000\040\000r\000\355\000g\000i\000d\000a\000s}{section.5.2}% 68
\BOOKMARK [2][-]{subsection.5.2.4}{\376\377\000T\000r\000a\000n\000s\000f\000o\000r\000m\000a\000c\000i\000o\000n\000e\000s\000\040\000n\000o\000\040\000r\000\355\000g\000i\000d\000a\000s}{section.5.2}% 69
\BOOKMARK [1][-]{section.5.3}{\376\377\000F\000u\000n\000c\000i\000\363\000n\000\040\000c\000u\000a\000d\000r\000\341\000t\000i\000c\000a\000\040\000y\000\040\000l\000i\000n\000e\000a\000l}{chapter.5}% 70
\BOOKMARK [2][-]{subsection.5.3.1}{\376\377\000F\000u\000n\000c\000i\000\363\000n\000\040\000l\000i\000n\000e\000a\000l}{section.5.3}% 71
\BOOKMARK [2][-]{subsection.5.3.2}{\376\377\000F\000u\000n\000c\000i\000\363\000n\000\040\000c\000u\000a\000d\000r\000\341\000t\000i\000c\000a}{section.5.3}% 72
\BOOKMARK [1][-]{section.5.4}{\376\377\000F\000u\000n\000c\000i\000o\000n\000e\000s\000\040\000c\000r\000e\000c\000i\000e\000n\000t\000e\000s\000\040\000y\000\040\000d\000e\000c\000r\000e\000c\000i\000e\000n\000t\000e\000s}{chapter.5}% 73
\BOOKMARK [1][-]{section.5.5}{\376\377\000F\000u\000n\000c\000i\000o\000n\000e\000s\000\040\000p\000o\000r\000\040\000p\000a\000r\000t\000e\000s}{chapter.5}% 74
\BOOKMARK [2][-]{subsection.5.5.1}{\376\377\000D\000o\000m\000i\000n\000i\000o\000\040\000d\000e\000\040\000u\000n\000a\000\040\000f\000u\000n\000c\000i\000\363\000n\000\040\000p\000o\000r\000\040\000p\000a\000r\000t\000e\000s}{section.5.5}% 75
\BOOKMARK [1][-]{section.5.6}{\376\377\000C\000o\000m\000b\000i\000n\000a\000c\000i\000\363\000n\000\040\000d\000e\000\040\000f\000u\000n\000c\000i\000o\000n\000e\000s}{chapter.5}% 76
\BOOKMARK [2][-]{subsection.5.6.1}{\376\377\000D\000o\000m\000i\000n\000i\000o\000\040\000d\000e\000\040\000u\000n\000a\000\040\000f\000u\000n\000c\000i\000\363\000n\000\040\000c\000o\000m\000b\000i\000n\000a\000d\000a}{section.5.6}% 77
\BOOKMARK [1][-]{section.5.7}{\376\377\000C\000o\000m\000p\000o\000s\000i\000c\000i\000\363\000n\000\040\000d\000e\000\040\000f\000u\000n\000c\000i\000o\000n\000e\000s}{chapter.5}% 78
\BOOKMARK [2][-]{subsection.5.7.1}{\376\377\000D\000o\000m\000i\000n\000i\000o\000\040\000d\000e\000\040\000u\000n\000a\000\040\000f\000u\000n\000c\000i\000\363\000n\000\040\000c\000o\000m\000p\000u\000e\000s\000t\000a}{section.5.7}% 79
\BOOKMARK [1][-]{section.5.8}{\376\377\000C\000o\000c\000i\000e\000n\000t\000e\000\040\000d\000e\000\040\000d\000i\000f\000e\000r\000e\000n\000c\000i\000a\000s}{chapter.5}% 80
\BOOKMARK [1][-]{section.5.9}{\376\377\000F\000u\000n\000c\000i\000o\000n\000e\000s\000\040\000i\000n\000v\000e\000r\000s\000a\000s}{chapter.5}% 81
\BOOKMARK [2][-]{subsection.5.9.1}{\376\377\000G\000r\000\341\000f\000i\000c\000a\000s\000\040\000d\000e\000\040\000l\000a\000\040\000f\000u\000n\000c\000i\000\363\000n\000\040\000i\000n\000v\000e\000r\000s\000a}{section.5.9}% 82
\BOOKMARK [1][-]{section.5.10}{\376\377\000F\000u\000n\000c\000i\000o\000n\000e\000s\000\040\000p\000o\000l\000i\000n\000o\000m\000i\000a\000l\000e\000s}{chapter.5}% 83
\BOOKMARK [1][-]{section.5.11}{\376\377\000F\000u\000n\000c\000i\000o\000n\000e\000s\000\040\000r\000a\000c\000i\000o\000n\000a\000l\000e\000s}{chapter.5}% 84
\BOOKMARK [2][-]{subsection.5.11.1}{\376\377\000A\000s\000\355\000n\000t\000o\000t\000a\000s\000\040\000v\000e\000r\000t\000i\000c\000a\000l\000e\000s}{section.5.11}% 85
\BOOKMARK [2][-]{subsection.5.11.2}{\376\377\000A\000s\000\355\000n\000t\000o\000t\000a\000s\000\040\000h\000o\000r\000i\000z\000o\000n\000t\000a\000l\000e\000s}{section.5.11}% 86
\BOOKMARK [1][-]{section.5.12}{\376\377\000F\000u\000n\000c\000i\000o\000n\000e\000s\000\040\000e\000x\000p\000o\000n\000e\000n\000c\000i\000a\000l\000e\000s}{chapter.5}% 87
\BOOKMARK [2][-]{subsection.5.12.1}{\376\377\000G\000r\000\341\000f\000i\000c\000a\000\040\000d\000e\000\040\000u\000n\000a\000\040\000f\000u\000n\000c\000i\000\363\000n\000\040\000e\000x\000p\000o\000n\000e\000n\000c\000i\000a\000l}{section.5.12}% 88
\BOOKMARK [2][-]{subsection.5.12.2}{\376\377\000N\000\372\000m\000e\000r\000o\000\040\000e}{section.5.12}% 89
\BOOKMARK [1][-]{section.5.13}{\376\377\000F\000u\000n\000c\000i\000o\000n\000e\000s\000\040\000l\000o\000g\000a\000r\000\355\000t\000m\000i\000c\000a\000s}{chapter.5}% 90
\BOOKMARK [1][-]{section.5.14}{\376\377\000E\000c\000u\000a\000c\000i\000o\000n\000e\000s\000\040\000e\000x\000p\000o\000n\000e\000n\000c\000i\000a\000l\000e\000s\000\040\000y\000\040\000l\000o\000g\000a\000r\000\355\000t\000m\000i\000c\000a\000s}{chapter.5}% 91
\BOOKMARK [1][-]{section.5.15}{\376\377\000M\000o\000d\000e\000l\000o\000s\000\040\000m\000a\000t\000e\000m\000\341\000t\000i\000c\000o\000s\000\040\000e\000x\000p\000o\000n\000e\000n\000c\000i\000a\000l\000e\000s\000\040\000y\000\040\000l\000o\000g\000a\000r\000\355\000t\000m\000i\000c\000o\000s}{chapter.5}% 92
\BOOKMARK [2][-]{subsection.5.15.1}{\376\377\000M\000o\000d\000e\000l\000o\000s\000\040\000m\000a\000t\000e\000m\000\341\000t\000i\000c\000o\000s\000\040\000e\000x\000p\000o\000n\000e\000n\000c\000i\000a\000l\000e\000s}{section.5.15}% 93
\BOOKMARK [2][-]{subsection.5.15.2}{\376\377\000M\000o\000d\000e\000l\000o\000s\000\040\000m\000a\000t\000e\000m\000\341\000t\000i\000c\000o\000s\000\040\000l\000o\000g\000a\000r\000\355\000t\000m\000i\000c\000o\000s}{section.5.15}% 94
\BOOKMARK [2][-]{subsection.5.15.3}{\376\377\000E\000s\000c\000a\000l\000a\000s\000\040\000l\000o\000g\000a\000r\000\355\000t\000m\000i\000c\000a\000s\000\040\000y\000\040\000l\000i\000n\000e\000a\000l\000e\000s}{section.5.15}% 95
\BOOKMARK [0][-]{chapter.6}{\376\377\000C\000\341\000l\000c\000u\000l\000o\000\040\000v\000e\000c\000t\000o\000r\000i\000a\000l}{}% 96
\BOOKMARK [1][-]{section.6.1}{\376\377\000\301\000n\000g\000u\000l\000o\000s\000\040\000y\000\040\000s\000u\000\040\000o\000r\000i\000e\000n\000t\000a\000c\000i\000\363\000n}{chapter.6}% 97
\BOOKMARK [1][-]{section.6.2}{\376\377\000T\000r\000i\000g\000o\000n\000o\000m\000e\000t\000r\000\355\000a}{chapter.6}% 98
\BOOKMARK [1][-]{section.6.3}{\376\377\000V\000e\000c\000t\000o\000r\000e\000s}{chapter.6}% 99
\BOOKMARK [2][-]{subsection.6.3.1}{\376\377\000V\000e\000c\000t\000o\000r\000e\000s\000\040\000u\000n\000i\000t\000a\000r\000i\000o\000s}{section.6.3}% 100
\BOOKMARK [2][-]{subsection.6.3.2}{\376\377\000C\000o\000m\000p\000o\000n\000e\000n\000t\000e\000s\000\040\000d\000e\000\040\000u\000n\000\040\000v\000e\000c\000t\000o\000r}{section.6.3}% 101
\BOOKMARK [0][-]{chapter.7}{\376\377\000C\000\341\000l\000c\000u\000l\000o\000\040\000i\000n\000f\000i\000n\000i\000t\000e\000s\000i\000m\000a\000l}{}% 102
\BOOKMARK [1][-]{section.7.1}{\376\377\000L\000\355\000m\000i\000t\000e\000s}{chapter.7}% 103
\BOOKMARK [2][-]{subsection.7.1.1}{\376\377\000L\000\355\000m\000i\000t\000e\000s\000\040\000l\000a\000t\000e\000r\000a\000l\000e\000s}{section.7.1}% 104
\BOOKMARK [1][-]{section.7.2}{\376\377\000D\000e\000r\000i\000v\000a\000d\000a\000s}{chapter.7}% 105
\BOOKMARK [2][-]{subsection.7.2.1}{\376\377\000R\000e\000g\000l\000a\000s\000\040\000d\000e\000\040\000l\000a\000\040\000d\000e\000r\000i\000v\000a\000c\000i\000\363\000n}{section.7.2}% 106
\BOOKMARK [2][-]{subsection.7.2.2}{\376\377\000D\000e\000r\000i\000v\000a\000d\000a\000\040\000d\000e\000\040\000o\000r\000d\000e\000n\000\040\000s\000u\000p\000e\000r\000i\000o\000r}{section.7.2}% 107
\BOOKMARK [2][-]{subsection.7.2.3}{\376\377\000E\000x\000t\000r\000e\000m\000o\000s\000\040\000d\000e\000\040\000u\000n\000a\000\040\000f\000u\000n\000c\000i\000\363\000n}{section.7.2}% 108
\BOOKMARK [2][-]{subsection.7.2.4}{\376\377\000F\000u\000n\000c\000i\000\363\000n\000\040\000c\000r\000e\000c\000i\000e\000n\000t\000e\000\040\000y\000\040\000d\000e\000c\000r\000e\000c\000i\000e\000n\000t\000e}{section.7.2}% 109
\BOOKMARK [2][-]{subsection.7.2.5}{\376\377\000C\000o\000n\000c\000a\000v\000i\000d\000a\000d\000\040\000y\000\040\000c\000r\000i\000t\000e\000r\000i\000o\000\040\000d\000e\000\040\000s\000e\000g\000u\000n\000d\000a\000\040\000d\000e\000r\000i\000v\000a\000d\000a}{section.7.2}% 110
\BOOKMARK [2][-]{subsection.7.2.6}{\376\377\000C\000r\000i\000t\000e\000r\000i\000o\000\040\000d\000e\000\040\000l\000a\000\040\000s\000e\000g\000u\000n\000d\000a\000\040\000d\000e\000r\000i\000v\000a\000d\000a}{section.7.2}% 111
\BOOKMARK [1][-]{section.7.3}{\376\377\000I\000n\000t\000e\000g\000r\000a\000l\000e\000s}{chapter.7}% 112
\BOOKMARK [2][-]{subsection.7.3.1}{\376\377\000R\000e\000g\000l\000a\000s\000\040\000d\000e\000\040\000i\000n\000t\000e\000g\000r\000a\000c\000i\000\363\000n}{section.7.3}% 113
\BOOKMARK [2][-]{subsection.7.3.2}{\376\377\000I\000n\000t\000e\000g\000r\000a\000l\000e\000s\000\040\000d\000e\000f\000i\000n\000i\000d\000a\000s\000\040\000y\000\040\000t\000e\000o\000r\000e\000m\000a\000\040\000f\000u\000n\000d\000a\000m\000e\000n\000t\000a\000l\000\040\000d\000e\000l\000\040\000c\000\341\000l\000c\000u\000l\000o}{section.7.3}% 114
\BOOKMARK [2][-]{subsection.7.3.3}{\376\377\000T\000e\000o\000r\000e\000m\000a\000\040\000d\000e\000\040\000v\000a\000l\000o\000r\000\040\000m\000e\000d\000i\000o\000\040\000p\000a\000r\000a\000\040\000i\000n\000t\000e\000g\000r\000a\000l\000e\000s}{section.7.3}% 115
\BOOKMARK [0][-]{appendix.Alph1}{\376\377\000C\000o\000m\000p\000l\000e\000t\000a\000c\000i\000\363\000n\000\040\000d\000e\000l\000\040\000c\000u\000a\000d\000r\000a\000d\000o}{}% 116
\BOOKMARK [0][-]{section*.12}{\376\377\000R\000e\000f\000e\000r\000e\000n\000c\000i\000a\000s}{}% 117
\BOOKMARK [0][-]{section*.12}{\376\377\000A\000p\000\351\000n\000d\000i\000c\000e\000s}{}% 118
